2026-03-08T12:51:04 HOST START case=partial_transfer port=COM4 baud=115200
2026-03-08T12:55:57 HOST START case=partial_transfer port=COM4 baud=115200
2026-03-08T12:55:57 TX START_UPDATE (pre-handshake)
2026-03-08T12:55:57 RX BL_EVT:READY_FOR_CHUNK
2026-03-08T12:55:57 TX [1024:0:30158] + 256/1024 bytes
2026-03-08T12:55:57 TX INTENTIONAL_DISCONNECT
2026-03-08T12:57:05 HOST START case=partial_transfer port=COM4 baud=115200
2026-03-08T12:57:05 TX START_UPDATE (pre-handshake)
2026-03-08T12:57:05 RX BL_EVT:READY_FOR_CHUNK
2026-03-08T12:57:05 TX [1024:0:30158] + 256/1024 bytes
2026-03-08T12:57:05 TX INTENTIONAL_DISCONNECT
2026-03-08T12:59:10 RX BL_EVT:RECOVERY_HEARTBEAT:25
2026-03-08T12:59:15 RX BL_EVT:RECOVERY_HEARTBEAT:26
2026-03-08T12:59:20 RX BL_EVT:RECOVERY_HEARTBEAT:27
2026-03-08T12:59:25 RX BL_EVT:RECOVERY_HEARTBEAT:28
2026-03-08T12:59:30 RX BL_EVT:RECOVERY_HEARTBEAT:29
2026-03-08T12:59:35 RX BL_EVT:RECOVERY_HEARTBEAT:30
2026-03-08T12:59:40 RX BL_EVT:RECOVERY_HEARTBEAT:31
2026-03-08T12:59:45 RX BL_EVT:RECOVERY_HEARTBEAT:32
2026-03-08T12:59:50 HOST RESULT FAIL rc=51
2026-03-08T13:00:32 HOST START case=partial_transfer port=COM4 baud=115200
2026-03-08T13:01:51 HOST SERIAL_ERROR Write timeout
