2026-03-08T12:49:08 HOST START case=oob_offset port=COM4 baud=115200
2026-03-08T12:49:08 TX START_UPDATE (pre-handshake)
2026-03-08T12:49:09 RX BL_EVT:HANDOFF_APP
2026-03-08T12:49:09 RX APP_EVT:START
2026-03-08T12:49:09 RX APP_EVT:BOOTLOADER_HANDOFF_OK
2026-03-08T12:49:09 RX APP_EVT:BOOT_CONTEXT:NORMAL
2026-03-08T12:49:09 RX APP_EVT:FAULT_HOOK:DISABLED
2026-03-08T12:49:09 RX APP_EVT:HEARTBEAT:1
2026-03-08T12:49:11 RX APP_EVT:HEARTBEAT:2
2026-03-08T12:49:13 RX APP_EVT:HEARTBEAT:3
2026-03-08T12:49:15 RX APP_EVT:HEARTBEAT:4
2026-03-08T12:49:17 RX APP_EVT:HEARTBEAT:5
2026-03-08T12:49:19 RX APP_EVT:HEARTBEAT:6
2026-03-08T12:49:21 RX APP_EVT:HEARTBEAT:7
2026-03-08T12:49:23 RX APP_EVT:HEARTBEAT:8
2026-03-08T12:49:25 RX APP_EVT:HEARTBEAT:9
2026-03-08T12:49:27 RX APP_EVT:HEARTBEAT:10
2026-03-08T12:49:28 HOST RESULT FAIL rc=30
2026-03-08T12:50:31 HOST START case=oob_offset port=COM4 baud=115200
2026-03-08T12:50:31 TX START_UPDATE (pre-handshake)
2026-03-08T12:50:31 RX BL_EVT:READY_FOR_CHUNK
2026-03-08T12:50:31 TX [1024:1048576:0]
2026-03-08T12:50:31 RX BL_EVT:CHUNK_FAIL:1048576
2026-03-08T12:50:31 HOST RESULT PASS
