# Source: ESP-IDF Monitor (integrated terminal), 2026-03-09
# Context: Manual recovery console validation after R1 implementation.
BL_EVT:HW_READY
BL_EVT:PARTITION_TABLE_OK
BL_EVT:MODE_SELECT_ARMED
BL_EVT:MODE_SELECTED:UPDATE
BL_EVT:MODE_SELECTED:RECOVERY
BL_EVT:MODE_EXECUTE:RECOVERY
BL_EVT:DECISION_RECOVERY
BL_EVT:RECOVERY_CMD_HELP
BL_RSP:help:status,reboot,update,erase,boot,help
BL_EVT:RECOVERY_CMD_STATUS
BL_RSP:status:recovery_active:ready
BL_EVT:RECOVERY_CMD_UNKNOWN
BL_RSP:error:unknown_command
BL_EVT:RECOVERY_CMD_BOOT
BL_EVT:APP_CRC_CHECK
BL_EVT:APP_CRC_OK
BL_EVT:RECOVERY_CMD_BOOT_OK
BL_RSP:boot:crc_ok
BL_EVT:DECISION_NORMAL
BL_EVT:APP_CRC_CHECK
BL_EVT:APP_CRC_OK
BL_EVT:LOAD_APP
BL_EVT:HANDOFF
BL_EVT:HANDOFF_APP
APP_EVT:START
APP_EVT:BOOTLOADER_HANDOFF_OK
APP_EVT:BOOT_CONTEXT:NORMAL
APP_EVT:FAULT_HOOK:DISABLED
APP_EVT:HEARTBEAT:1
APP_EVT:HEARTBEAT:2
APP_EVT:HEARTBEAT:3
APP_EVT:HEARTBEAT:4
APP_EVT:HEARTBEAT:5
APP_EVT:HEARTBEAT:6
APP_EVT:HEARTBEAT:7
APP_EVT:HEARTBEAT:8
