2026-03-08T11:34:06.628691  [#0001] APP_EVT:HEARTBEAT:3
2026-03-08T11:34:08.628723  [#0002] APP_EVT:HEARTBEAT:4
2026-03-08T11:34:10.628687  [#0003] APP_EVT:HEARTBEAT:5
2026-03-08T11:34:12.628728  [#0004] APP_EVT:HEARTBEAT:6
2026-03-08T11:34:14.628876  [#0005] APP_EVT:HEARTBEAT:7
2026-03-08T11:34:16.628943  [#0006] APP_EVT:HEARTBEAT:8
2026-03-08T11:34:18.629037  [#0007] APP_EVT:HEARTBEAT:9
2026-03-08T11:34:20.629040  [#0008] APP_EVT:HEARTBEAT:10
2026-03-08T11:34:22.628927  [#0009] APP_EVT:HEARTBEAT:11
2026-03-08T11:34:24.628675  [#0010] APP_EVT:HEARTBEAT:12
2026-03-08T11:34:26.628655  [#0011] APP_EVT:HEARTBEAT:13
2026-03-08T11:34:28.629121  [#0012] APP_EVT:HEARTBEAT:14
2026-03-08T11:34:30.629127  [#0013] APP_EVT:HEARTBEAT:15
2026-03-08T11:34:32.629200  [#0014] APP_EVT:HEARTBEAT:16
2026-03-08T11:34:34.629179  [#0015] APP_EVT:HEARTBEAT:17
2026-03-08T11:34:36.628261  [#0016] APP_EVT:HEARTBEAT:18
2026-03-08T11:34:38.628328  [#0017] APP_EVT:HEARTBEAT:19
2026-03-08T11:34:40.628350  [#0018] APP_EVT:HEARTBEAT:20
2026-03-08T11:34:42.629095  [#0019] APP_EVT:HEARTBEAT:21
2026-03-08T11:34:44.629015  [#0020] APP_EVT:HEARTBEAT:22
2026-03-08T11:34:46.628100  [#0021] APP_EVT:HEARTBEAT:23
2026-03-08T11:34:48.628087  [#0022] APP_EVT:HEARTBEAT:24
2026-03-08T11:34:50.628106  [#0023] APP_EVT:HEARTBEAT:25
2026-03-08T11:34:52.628129  [#0024] APP_EVT:HEARTBEAT:26
2026-03-08T11:34:54.628090  [#0025] APP_EVT:HEARTBEAT:27
2026-03-08T11:34:56.628219  [#0026] APP_EVT:HEARTBEAT:28
2026-03-08T11:34:58.628279  [#0027] APP_EVT:HEARTBEAT:29
2026-03-08T11:35:00.628388  [#0028] APP_EVT:HEARTBEAT:30
2026-03-08T11:35:02.628150  [#0029] APP_EVT:HEARTBEAT:31
2026-03-08T11:35:04.628149  [#0030] APP_EVT:HEARTBEAT:32
2026-03-08T11:35:06.627854  [#0031] APP_EVT:HEARTBEAT:33
2026-03-08T11:35:08.627892  [#0032] APP_EVT:HEARTBEAT:34
2026-03-08T11:35:10.627961  [#0033] APP_EVT:HEARTBEAT:35
2026-03-08T11:35:12.628151  [#0034] APP_EVT:HEARTBEAT:36
2026-03-08T11:35:14.628207  [#0035] APP_EVT:HEARTBEAT:37
2026-03-08T11:35:16.628239  [#0036] APP_EVT:HEARTBEAT:38
2026-03-08T11:35:18.628491  [#0037] APP_EVT:HEARTBEAT:39
2026-03-08T11:35:20.627604  [#0038] APP_EVT:HEARTBEAT:40
2026-03-08T11:35:22.627993  [#0039] APP_EVT:HEARTBEAT:41
2026-03-08T11:35:24.628075  [#0040] APP_EVT:HEARTBEAT:42
2026-03-08T11:35:26.628020  [#0041] APP_EVT:HEARTBEAT:43
2026-03-08T11:35:28.628041  [#0042] APP_EVT:HEARTBEAT:44
2026-03-08T11:35:30.628244  [#0043] APP_EVT:HEARTBEAT:45
2026-03-08T11:35:32.627953  [#0044] APP_EVT:HEARTBEAT:46
2026-03-08T11:35:33.915203  [#0001] BL_EVT:HW_READY
2026-03-08T11:35:34.315793  [#0002] BL_EVT:PARTITION_TABLE_OK
2026-03-08T11:35:35.916870  [#0003] BL_EVT:DECISION_NORMAL
2026-03-08T11:35:36.517715  [#0004] BL_EVT:APP_CRC_CHECK
2026-03-08T11:35:38.572076  [#0005] BL_EVT:APP_CRC_OK
2026-03-08T11:35:38.772424  [#0006] BL_EVT:LOAD_APP
2026-03-08T11:35:39.572589  [#0007] BL_EVT:HANDOFF
2026-03-08T11:35:40.773377  [#0008] BL_EVT:HANDOFF_APP
2026-03-08T11:35:40.811458  [#0009] APP_EVT:START
2026-03-08T11:35:40.830021  [#0010] APP_EVT:BOOTLOADER_HANDOFF_OK
2026-03-08T11:35:40.833928  [#0011] APP_EVT:BOOT_CONTEXT:NORMAL
2026-03-08T11:35:40.835881  [#0012] APP_EVT:FAULT_HOOK:DISABLED
2026-03-08T11:35:40.836856  [#0013] APP_EVT:HEARTBEAT:1
2026-03-08T11:35:42.810533  [#0014] APP_EVT:HEARTBEAT:2
2026-03-08T11:35:44.810503  [#0015] APP_EVT:HEARTBEAT:3
2026-03-08T11:35:46.810504  [#0016] APP_EVT:HEARTBEAT:4
2026-03-08T11:35:48.810582  [#0017] APP_EVT:HEARTBEAT:5
2026-03-08T11:35:50.810586  [#0018] APP_EVT:HEARTBEAT:6
2026-03-08T11:35:52.810576  [#0019] APP_EVT:HEARTBEAT:7
2026-03-08T11:35:54.810614  [#0020] APP_EVT:HEARTBEAT:8
2026-03-08T11:35:56.810685  [#0021] APP_EVT:HEARTBEAT:9
2026-03-08T11:35:58.810353  [#0022] APP_EVT:HEARTBEAT:10
2026-03-08T11:36:00.810397  [#0023] APP_EVT:HEARTBEAT:11
2026-03-08T11:36:02.810391  [#0024] APP_EVT:HEARTBEAT:12
2026-03-08T11:36:04.810386  [#0025] APP_EVT:HEARTBEAT:13
2026-03-08T11:36:06.810380  [#0026] APP_EVT:HEARTBEAT:14
2026-03-08T11:36:08.811255  [#0027] APP_EVT:HEARTBEAT:15
2026-03-08T11:36:10.810323  [#0028] APP_EVT:HEARTBEAT:16
2026-03-08T11:36:12.810079  [#0029] APP_EVT:HEARTBEAT:17
2026-03-08T11:36:14.810179  [#0030] APP_EVT:HEARTBEAT:18
2026-03-08T11:36:16.811140  [#0031] APP_EVT:HEARTBEAT:19
2026-03-08T11:36:18.811190  [#0032] APP_EVT:HEARTBEAT:20
2026-03-08T11:36:20.811164  [#0033] APP_EVT:HEARTBEAT:21
2026-03-08T11:36:22.810225  [#0034] APP_EVT:HEARTBEAT:22
2026-03-08T11:36:24.810222  [#0035] APP_EVT:HEARTBEAT:23
2026-03-08T11:36:26.810320  [#0036] APP_EVT:HEARTBEAT:24
2026-03-08T11:36:28.810309  [#0037] APP_EVT:HEARTBEAT:25
2026-03-08T11:36:30.809761  [#0038] APP_EVT:HEARTBEAT:26
2026-03-08T11:36:32.810377  [#0039] APP_EVT:HEARTBEAT:27
2026-03-08T11:36:34.810059  [#0040] APP_EVT:HEARTBEAT:28
2026-03-08T11:36:36.810586  [#0041] APP_EVT:HEARTBEAT:29
